INFO  time: initialize in 0.54s
WARN  no build target: /Users/hasegawataichiro/projectfile/scala-study/Factorization.scala
INFO  running '/Library/Java/JavaVirtualMachines/jdk-11.0.2.jdk/Contents/Home/bin/java -Djline.terminal=jline.UnsupportedTerminal -Dsbt.log.noformat=true -Dfile.encoding=UTF-8 -jar /var/folders/16/tk59zs_x1pqdqz56s0ktl7zw0000gn/T/metals18015799581141073741/sbt-launch.jar metalsEnable bloopInstall'
INFO  [info] Loading settings for project global-plugins from metals.sbt ...
INFO  [info] Loading global plugins from /Users/hasegawataichiro/.sbt/1.0/plugins
INFO  [info] Updating ProjectRef(uri("file:/Users/hasegawataichiro/.sbt/1.0/plugins/"), "global-plugins")...
INFO  [info] downloading https://repo1.maven.org/maven2/ch/epfl/scala/bloop-config_2.12/1.3.2/bloop-config_2.12-1.3.2.jar ...
INFO  [info] downloading https://repo1.maven.org/maven2/io/circe/circe-parser_2.12/0.9.3/circe-parser_2.12-0.9.3.jar ...
INFO  [info] downloading https://repo1.maven.org/maven2/ch/epfl/scala/sbt-bloop_2.12_1.0/1.3.2/sbt-bloop-1.3.2.jar ...
INFO  [info] downloading https://repo1.maven.org/maven2/io/circe/circe-derivation_2.12/0.9.0-M3/circe-derivation_2.12-0.9.0-M3.jar ...
INFO  [info] downloading https://repo1.maven.org/maven2/io/circe/circe-jawn_2.12/0.9.3/circe-jawn_2.12-0.9.3.jar ...
INFO  [info] downloading https://repo1.maven.org/maven2/org/scalameta/sbt-metals_2.12_1.0/0.6.1/sbt-metals-0.6.1.jar ...
INFO  [info] 	[SUCCESSFUL ] io.circe#circe-parser_2.12;0.9.3!circe-parser_2.12.jar (1135ms)
INFO  [info] downloading https://repo1.maven.org/maven2/io/circe/circe-core_2.12/0.9.3/circe-core_2.12-0.9.3.jar ...
INFO  [info] 	[SUCCESSFUL ] io.circe#circe-jawn_2.12;0.9.3!circe-jawn_2.12.jar (1098ms)
INFO  [info] downloading https://repo1.maven.org/maven2/org/spire-math/jawn-parser_2.12/0.11.1/jawn-parser_2.12-0.11.1.jar ...
INFO  [info] 	[SUCCESSFUL ] ch.epfl.scala#sbt-bloop;1.3.2!sbt-bloop.jar (1305ms)
INFO  [info] 	[SUCCESSFUL ] org.scalameta#sbt-metals;0.6.1!sbt-metals.jar (1293ms)
INFO  [info] downloading https://repo1.maven.org/maven2/io/circe/circe-numbers_2.12/0.9.3/circe-numbers_2.12-0.9.3.jar ...
INFO  [info] downloading https://repo1.maven.org/maven2/org/typelevel/cats-core_2.12/1.0.1/cats-core_2.12-1.0.1.jar ...
INFO  [info] 	[SUCCESSFUL ] io.circe#circe-derivation_2.12;0.9.0-M3!circe-derivation_2.12.jar (1556ms)
INFO  [info] downloading https://repo1.maven.org/maven2/org/typelevel/cats-macros_2.12/1.0.1/cats-macros_2.12-1.0.1.jar ...
INFO  [info] 	[SUCCESSFUL ] ch.epfl.scala#bloop-config_2.12;1.3.2!bloop-config_2.12.jar (1827ms)
INFO  [info] downloading https://repo1.maven.org/maven2/org/typelevel/cats-kernel_2.12/1.0.1/cats-kernel_2.12-1.0.1.jar ...
INFO  [info] 	[SUCCESSFUL ] io.circe#circe-numbers_2.12;0.9.3!circe-numbers_2.12.jar (2419ms)
INFO  [info] downloading https://repo1.maven.org/maven2/org/typelevel/machinist_2.12/0.6.2/machinist_2.12-0.6.2.jar ...
INFO  [info] 	[SUCCESSFUL ] org.spire-math#jawn-parser_2.12;0.11.1!jawn-parser_2.12.jar (2536ms)
INFO  [info] 	[SUCCESSFUL ] io.circe#circe-core_2.12;0.9.3!circe-core_2.12.jar (2646ms)
INFO  [info] 	[SUCCESSFUL ] org.typelevel#cats-macros_2.12;1.0.1!cats-macros_2.12.jar (2298ms)
INFO  [info] 	[SUCCESSFUL ] org.typelevel#cats-core_2.12;1.0.1!cats-core_2.12.jar (2804ms)
INFO  [info] 	[SUCCESSFUL ] org.typelevel#cats-kernel_2.12;1.0.1!cats-kernel_2.12.jar (2478ms)
INFO  [info] 	[SUCCESSFUL ] org.typelevel#machinist_2.12;0.6.2!machinist_2.12.jar (787ms)
INFO  [info] Done updating.
INFO  [info] Loading project definition from /Users/hasegawataichiro/projectfile/scala-study/project
INFO  [info] Updating ProjectRef(uri("file:/Users/hasegawataichiro/projectfile/scala-study/project/"), "scala-study-build")...
INFO  [info] Done updating.
INFO  [success] Generated .bloop/scala-study-build.json
INFO  [success] Total time: 18 s, completed 2019/07/21 20:43:46
INFO  [info] Updating ProjectRef(uri("file:/Users/hasegawataichiro/projectfile/scala-study/project/"), "scala-study-build")...
INFO  [info] Done updating.
INFO  [info] Set current project to scala-study (in build file:/Users/hasegawataichiro/projectfile/scala-study/)
INFO  [info] Set current project to scala-study (in build file:/Users/hasegawataichiro/projectfile/scala-study/)
INFO  [info] semanticdb-scalac is enabled
INFO  [info] Updating ...
INFO  [info] downloading https://repo1.maven.org/maven2/org/scalameta/semanticdb-scalac_2.12.7/4.1.9/semanticdb-scalac_2.12.7-4.1.9.jar ...
INFO  [info] 	[SUCCESSFUL ] org.scalameta#semanticdb-scalac_2.12.7;4.1.9!semanticdb-scalac_2.12.7.jar (1784ms)
INFO  [info] Done updating.
INFO  [info] downloading https://repo1.maven.org/maven2/org/scala-lang/scala-library/2.12.7/scala-library-2.12.7-sources.jar ...
INFO  [info] downloading https://repo1.maven.org/maven2/org/scala-lang/scala-reflect/2.12.7/scala-reflect-2.12.7-sources.jar ...
INFO  [info] downloading https://repo1.maven.org/maven2/org/scala-lang/scala-compiler/2.12.7/scala-compiler-2.12.7-sources.jar ...
INFO  [info] downloading https://repo1.maven.org/maven2/org/scalameta/semanticdb-scalac_2.12.7/4.1.9/semanticdb-scalac_2.12.7-4.1.9-sources.jar ...
INFO  [info] 	[SUCCESSFUL ] org.scalameta#semanticdb-scalac_2.12.7;4.1.9!semanticdb-scalac_2.12.7.jar(src) (1135ms)
INFO  [info] 	[SUCCESSFUL ] org.scala-lang#scala-library;2.12.7!scala-library.jar(src) (1150ms)
INFO  [info] 	[SUCCESSFUL ] org.scala-lang#scala-reflect;2.12.7!scala-reflect.jar(src) (1230ms)
INFO  [info] 	[SUCCESSFUL ] org.scala-lang#scala-compiler;2.12.7!scala-compiler.jar(src) (1362ms)
INFO  [success] Generated .bloop/scala-study.json
INFO  [success] Generated .bloop/scala-study-test.json
INFO  [success] Total time: 7 s, completed 2019/07/21 20:44:08
INFO  build tool exit: 0
INFO  time: ran 'sbt bloopInstall' in 2m3s
INFO  no build target: using presentation compiler with only scala-library
WARN  code navigation does not work for the file '/Users/hasegawataichiro/projectfile/scala-study/Factorization.scala' because it doesn't belong to a build target.
WARN  code navigation does not work for the file '/Users/hasegawataichiro/projectfile/scala-study/Factorization.scala' because it doesn't belong to a build target.
INFO  shutting down Metals
INFO  time: initialize in 0.58s
INFO  skipping build import with status 'Installed'
WARN  no build target: /Users/hasegawataichiro/projectfile/scala-study/Factorization.scala
WARN  code navigation does not work for the file '/Users/hasegawataichiro/projectfile/scala-study/Factorization.scala' because it doesn't belong to a build target.
INFO  no build target: using presentation compiler with only scala-library
WARN  code navigation does not work for the file '/Users/hasegawataichiro/projectfile/scala-study/Factorization.scala' because it doesn't belong to a build target.
INFO  shutting down Metals
